<?xml version="1.0" encoding="UTF-8"?>
<!-- Generated by org.testng.reporters.JUnitReportReporter -->
<testsuite hostname="IN-PF2N9BDZ" failures="0" tests="2" name="MyTest.dataprovider" time="0.020" errors="0" timestamp="2024-06-01T18:56:36 IST" skipped="0">
  <testcase classname="MyTest.dataprovider" name="verifyData1" time="0.010"/>
  <system-out/>
  <testcase classname="MyTest.dataprovider" name="verifyData1" time="0.010"/>
  <system-out/>
</testsuite> <!-- MyTest.dataprovider -->
