<?xml version="1.0" encoding="UTF-8"?>
<!-- Generated by org.testng.reporters.JUnitReportReporter -->
<testsuite hostname="IN-PF2N9BDZ" failures="0" tests="1" name="ProductTest.ProductTestCases" time="9.417" errors="0" timestamp="2024-06-09T18:45:01 IST" skipped="0">
  <testcase classname="ProductTest.ProductTestCases" name="TC_Login1" time="9.417"/>
  <system-out/>
</testsuite> <!-- ProductTest.ProductTestCases -->
