<?xml version="1.0" encoding="UTF-8"?>
<!-- Generated by org.testng.reporters.JUnitReportReporter -->
<testsuite hostname="IN-PF2N9BDZ" failures="0" tests="1" name="MyTest.MyTestNGFirst2" time="8.350" errors="0" timestamp="2024-06-01T18:18:49 IST" skipped="0">
  <testcase classname="MyTest.MyTestNGFirst2" name="TC2" time="8.350"/>
  <system-out/>
</testsuite> <!-- MyTest.MyTestNGFirst2 -->
