<?xml version="1.0" encoding="UTF-8"?>
<!-- Generated by org.testng.reporters.JUnitReportReporter -->
<testsuite hostname="IN-PF2N9BDZ" failures="0" tests="2" name="MyTest.MyTestNGFirst" time="16.919" errors="0" timestamp="2024-06-01T18:15:22 IST" skipped="0">
  <testcase classname="MyTest.MyTestNGFirst" name="TC1" time="8.123"/>
  <system-out/>
  <testcase classname="MyTest.MyTestNGFirst" name="TC1" time="8.796"/>
  <system-out/>
</testsuite> <!-- MyTest.MyTestNGFirst -->
